*******************************************************
*                                                     *
*                 TEMPO version 13.000                *
*           Analysis of pulsar timing data            *
*         TEMPO git version date:  2014-11-20         *
*         TEMPO git version id:    76b8375            *
*         Run time:  24-JUN-15  15:37:24 UTC          *
*                                                     *
*******************************************************


                    Observatory Coordinates

     Observatory     Geodetic lat   Geodetic long   Elevation
                      ddmmss.ss       ddmmss.ss         m

1   GBT XYZ           882589.65     -4924872.32   3943729.3
2   QUABBIN           422333.20       722040.40       306.0
3   ARECIBO XYZ      2390490.00     -5564764.00   1994727.0
4   Hobart, Tasm     -424818.00     -1472621.00        50.0
5   PRINCETON         402047.70       743853.85        43.0
6   VLA XYZ         -1601192.00     -5041981.40   3554871.4
7   PARKES  XYZ     -4554231.50      2816759.10  -3454036.3
8   JODRELL BANK     3822252.64      -153995.68   5086051.4
9   GB 300FT          382546.30       795056.36       893.7
A   GB 140FT          382615.41       795009.61       880.9
B   GB 85-3           382545.90       795036.87       835.8
C   VLA SITE          340443.50      1073703.82      2124.0
D   NORTHERN CRO      443118.48      -113848.48        25.0
E   MOST             -352219.00     -1492525.00       500.0
F   Nancay           4324165.81       165927.11   4670132.8
G   Effelsberg       4033949.50       486989.40   4900430.8
H   JODRELL BANK     3822473.37      -153692.32   5085851.3
I   WSRT             3828445.66       445223.60   5064921.6
R   GMRT             1656342.30      5797947.77   2073243.2
S   SHAO 65m XYZ    -2826711.95      4679231.63   3274665.7
T   LOFAR            3826577.46       461022.62   5064892.5
X   LWA1            -1602196.60     -5042313.47   3553971.5
Y   CHIME (appro    -2059164.94     -3621108.40   4814432.3
Z   SRT              4865182.77       791922.69   4035137.2

Input data from 1713.sns.tim,  Parameters from 1713.test.par
Observatory data from /home/zhuww/local/tempo/obsys.dat                      
Tempo command: tempo -f 1713.test.par 1713.sns.tim -ni 1713.T1.pls


Binary model: DD       nbin:  3   nddm: 0

Assumed parameters -- PSR J1713+0747  

RA:            17:13:49.53053203
DEC:           07:47:37.52625470
PMRA (mas/yr):            4.9170
PMDEC (mas/yr):          -3.9265
Parallax (mas):           0.8443
DM Epoch (MJD):  52000.00000000
F0 (s-1):  218.81184391573935955      (P0 (s):   0.0045701365250826308)
F1 (s-2):    -4.083660036367D-16      (P1 (-15):        0.000008529193)
F2 (s-3):        0.000000000D+00
F3 (s-4):           0.000000D+00
P Epoch (MJD):    52000.00000000
Start MJD:        48850.02300000
Finish MJD:       53149.23300000
DM (cm-3 pc):          15.994004
A1 sin(i) (s):      32.342421669
E:                   0.000074941
T0 (MJD):        51997.578400000
PB (d):          67.825129871165
Omega0 (deg):         176.195550
sin(i):                 0.944060
m2 (solar):             0.313299
Xdot (-12):             0.006713

Fit for 17 parameters, including phase but excluding jumps

    N     TOBS   WORD    NJMP    WGT     DTIME       TIME     DPHASE      PHASE

    0     0.0000 MODE 1


Normalized covariance matrix in "number of 9's" format:

            G  12345678901234567890
            -  --------------------
  1.     f0|   *                   
  2.     f1|1   *                 1
  3.    Dec|     *                 
  4.     RA|      *                
  5.   pmdc|       *               
  6.   pmra|        *              
  7.      x|2        * 1 1  12     
  8.      e|          *            
  9.     T0|*        1 * *   1     
 10.     Pb|            *          
 11.     Om|*        1 * *   1     
 12.     DM|2             *    22  
 13.     px|               *       
 14.      s|2        1      *1     
 15.     m2|3        2 1 1  1*     
 16.   xdot|                  *    
 17.   O001|2             2    *2  
 18.   O002|2             2    2*  
 19.   O003|                     * 
 20.   O004|1   1                 *
            -  --------------------
            G  12345678901234567890


   N     TOBS         Date      FREQ    WGT      NPULSE     R1(P)  R2(-6) PH/DT

   1 51023.05776 L 29-JUL-98 1420.000 0.934 -51156695751********    0.12  0.632
   2 51024.06493 M 30-JUL-98 1420.000 0.370 -51137656430********    0.14  0.647
   3 51035.03866 X 10-AUG-98 1408.000 1.486 -50930210160********    0.40  0.809
   4 51138.73657 W 21-NOV-98 1420.000 1.783 -48969887587********   -0.08  0.337
   5 51222.53218 C 13-FEB-99 1420.000 1.393 -47385658307********   -0.23  0.573
   6 51250.44595 E 13-MAR-99 1420.000 2.142 -46857892765********   -0.22  0.984
   7 51281.33391 J 13-APR-99 1420.000 2.142 -46273894625********   -0.14  0.440
   8 51307.26655 J  9-MAY-99 1420.000 0.602 -45783611178********   -0.28  0.822
   9 51342.18241 S 13-JUN-99 1420.000 0.679 -45123490431********    0.17  0.337
  10 51364.09537 O  5-JUL-99 1420.000 0.454 -44709239491********    0.10  0.660
  11 51398.01702 W  8-AUG-99 1420.000 0.568 -44067963597********   -0.43  0.160
  12 51474.81123 U 23-OCT-99 1420.000 1.486 -42616255305********   -0.07  0.292
  13 51503.75116 X 21-NOV-99 1410.000 0.454 -42069174071********   -0.31  0.719
  14 51534.64502 C 22-DEC-99 1410.000 0.874 -41485103372********    0.61  0.175
  15 51558.57789 A 15-JAN-00 1410.000 0.257 -41032634021********   -0.46  0.527
  16 51587.48484 D 13-FEB-00 1410.000 1.881 -40486102919********    0.00  0.954
  17 51621.38715 L 18-MAR-00 1410.000 2.064 -39845108946********   -0.18  0.454
  18 51657.30509 V 23-APR-00 1410.000 1.976 -39166021347********    0.31  0.983
  19 51661.31285 Z 27-APR-00 1410.000 1.393 -39090246427********    0.00  0.042
  20 51685.22870 X 21-MAY-00 1465.000 1.220 -38638087501********    0.13  0.395
  21 51745.09178 F 20-JUL-00 1410.000 1.067 -37506372345********    0.05  0.277
  22 51763.01597 X  7-AUG-00 1410.000 1.141 -37167539536********    0.28  0.542
  23 51797.89144 F 10-SEP-00 1410.000 0.202 -36508256770********    0.61  0.056
  24 51833.80567 P 16-OCT-00 1410.000 1.976 -35829344427********   -0.13  0.585
  25 51860.73657 Q 12-NOV-00 1410.000 0.998 -35320231600********    0.20  0.982
  26 51908.62627 M 30-DEC-00 1410.000 1.976 -34414867273********    0.02  0.688
  27 51936.53183 O 27-JAN-01 1410.000 1.783 -33887265989********   -0.02  0.100
  28 51947.52847 Z  7-FEB-01 1410.000 2.064 -33679352429********   -0.02  0.262
  29 51957.48750 J 17-FEB-01 1410.000 1.583 -33491061521********   -0.06  0.409
  30 52013.30880 N 14-APR-01 1410.000 1.783 -32435651991********    0.02  0.232
  31 52023.32326 X 24-APR-01 1410.000 1.220 -32246314821********   -0.33  0.380
  32 52042.25787 Q 13-MAY-01 1410.000 2.207 -31888343517********   -0.19  0.659
  33 52075.18322 X 15-JUN-01 1410.000 1.393 -31265859597********   -0.20  0.144
  34 52076.18947 Y 16-JUN-01 1410.000 2.064 -31246835874********    0.00  0.159
  35 52077.17326 Z 17-JUN-01 1410.000 0.268 -31228236761********    0.65  0.174
  36 52078.17257 A 18-JUN-01 1410.000 0.820 -31209344476********   -0.19  0.188
  37 52079.16563 B 19-JUN-01 1410.000 1.783 -31190570450********   -0.13  0.203
  38 52083.15347 F 23-JUN-01 1410.000 0.029 -31115179792********   -0.03  0.262
  39 52085.16042 H 25-JUN-01 1410.000 1.976 -31077238839********   -0.27  0.291
  40 52089.10729 L 29-JUN-01 1410.000 2.207 -31002624775********   -0.05  0.350
  41 52136.03195 G 15-AUG-01 1410.000 1.881 -30115552690********   -0.02  0.041
  42 52168.90336 M 16-SEP-01 1410.000 1.486 -29494160847********   -0.02  0.526
  43 52209.80752 B 27-OCT-01 1410.000 2.064 -28720904983********   -0.33  0.129
  44 52213.76493 F 31-OCT-01 1410.000 1.683 -28646091382********   -0.16  0.187
  45 52231.74375 X 18-NOV-01 1410.000 2.207 -28306213361********    0.11  0.452
  46 52259.64155 Z 16-DEC-01 1410.000 2.064 -27778808440********    0.15  0.864
  47 52278.61204 S  4-JAN-02 1410.000 0.409 -27420144510********    0.70  0.143
  48 52281.57766 V  7-JAN-02 1410.000 0.174 -27364074902********   -0.24  0.187
  49 52293.58623 H 19-JAN-02 1410.000 0.257 -27137037903********   -0.95  0.364
  50 52308.49711 W  3-FEB-02 1410.000 0.998 -26855132758********   -0.34  0.584
  51 52315.51979 D 10-FEB-02 1410.000 1.976 -26722359631********    0.20  0.688
  52 52328.44931 Q 23-FEB-02 1410.000 1.976 -26477901720********   -0.23  0.878
  53 52357.36713 T 24-MAR-02 1400.000 1.486 -25931141803********   -0.18  0.305
  54 52379.35000 P 15-APR-02 1410.000 1.393 -25515528157********   -0.13  0.629
  55 52414.24144 Y 20-MAY-02 1410.000 2.064 -24855851708********   -0.11  0.143
  56 52462.11262 U  7-JUL-02 1410.000 1.486 -23950848220********    0.25  0.849
  57 52470.06424 C 15-JUL-02 1410.000 2.142 -23800522756********   -0.08  0.966
  58 52506.99618 M 20-AUG-02 1410.000 1.881 -23102356423********    0.06  0.511
  59 52509.94850 P 23-AUG-02 1410.000 0.998 -23046548311********    0.08  0.554
  60 52542.89850 W 25-SEP-02 1410.000 0.431 -22423666185********    0.23  0.040
  61 52574.78426 C 27-OCT-02 1410.000 0.187 -21820899089********    0.22  0.510
  62 52602.72014 E 24-NOV-02 1410.000 1.220 -21292786437********   -0.27  0.922
  63 52606.72025 I 28-NOV-02 1410.000 1.783 -21217161809********    0.08  0.981
  64 52629.63426 F 21-DEC-02 1410.000 0.227 -20783955701********   -0.98  0.319
  65 52723.38426 V 25-MAR-03 1410.000 1.881 -19011474677********   -0.09  0.701
  66 52726.38380 Y 28-MAR-03 1410.000 1.141 -18954763244********   -0.04  0.745
  67 52760.28391 G  1-MAY-03 1410.000 0.227 -18313812437********   -0.06  0.245
  68 52777.25833 X 18-MAY-03 1410.000 0.352 -17992898553********   -0.18  0.496
  69 52795.17326 P  5-JUN-03 1410.000 0.293 -17654212587********    0.21  0.760
  70 52799.18739 T  9-JUN-03 1410.000 1.220 -17578323666********   -0.11  0.819
  71 52800.18866 U 10-JUN-03 1410.000 1.583 -17559394025********    0.12  0.834
  72 52802.17755 W 12-JUN-03 1410.000 1.393 -17521792874********    0.23  0.863
  73 52829.08588 X  9-JUL-03 1410.000 0.568 -17013081110********   -0.03  0.260
  74 52860.99352 C  9-AUG-03 1410.000 1.783 -16409905925********   -0.07  0.730
  75 52878.94259 U 27-AUG-03 1410.000 1.486 -16070593031********    0.04  0.995
  76 52945.76759 J  2-NOV-03 1410.000 1.976 -14807339228********   -0.03  0.980
  77 53036.52014 W  1-FEB-04 1410.000 2.142 -13091601391********   -0.05  0.318
  78 53084.38380 S 20-MAR-04 1410.000 2.142 -12186654239********    0.04  0.024
  79 53106.32014 O 11-APR-04 1410.000 1.976 -11771902313********   -0.02  0.347
  80 53119.28704 B 24-APR-04 1410.000 1.683 -11526750099********    0.03  0.538
  81 53149.23194 F 24-MAY-04 1410.000 1.976 -10960608837********   -0.39  0.980
  82 50858.50510 C 14-FEB-98 1429.562 1.733 -54267704379********   -0.12  0.206
  83 50865.45272 J 21-FEB-98 1419.562 2.381 -54136346450********   -0.09  0.308
  84 50865.46843 J 21-FEB-98 1419.562 2.046 -54136049499********   -0.04  0.308
  85 50873.46611 R  1-MAR-98 1399.125 1.839 -53984840878********   -0.24  0.426
  86 50893.43392 L 21-MAR-98 1419.125 2.046 -53607320697********   -0.20  0.721
  87 50900.41897 S 28-MAR-98 1419.125 1.733 -53475254805********   -0.57  0.824
  88 50970.23226 K  6-JUN-98 1419.125 1.628 -52155348159********   -0.27  0.853
  89 50971.19425 L  7-JUN-98 1419.562 2.225 -52137160990********    0.18  0.867
  90 50981.20218 V 17-JUN-98 1419.562 2.046 -51947953039********    0.03  0.015
  91 50893.43178 L 21-MAR-98 1419.125 2.046 -53607361181********   -0.21  0.721
  92 50984.16843 Y 20-JUN-98 1419.125 2.046 -51891873983********   -0.66  0.059
  93 50985.14398 Z 21-JUN-98 1419.125 0.831 -51873430497********   -0.23  0.073
  94 50986.13490 A 22-JUN-98 1409.125 2.225 -51854696704********   -0.24  0.088
  95 51011.06726 Z 17-JUL-98 1419.125 0.541 -51383359785********   -0.10  0.455
  96 51012.06097 A 18-JUL-98 1419.125 2.295 -51364574850********   -0.07  0.470
  97 51014.08066 C 20-JUL-98 1409.125 1.733 -51326395318********    0.07  0.500
  98 51015.08370 D 21-JUL-98 1419.125 2.141 -51307434160********    0.08  0.514
  99 51020.05348 I 26-JUL-98 1419.125 2.046 -51213487369********   -0.04  0.588
 100 51025.05826 N 31-JUL-98 1419.125 2.225 -51118878740********   -0.04  0.661
 101 51029.02646 R  4-AUG-98 1419.125 1.334 -51043864825********    0.12  0.720
 102 51033.02538 V  8-AUG-98 1419.125 2.046 -50968269332********   -0.10  0.779
 103 51038.02971 A 13-AUG-98 1419.125 2.046 -50873666679********   -0.06  0.853
 104 51041.99729 D 16-AUG-98 1419.125 2.225 -50798662167********   -0.00  0.911
 105 51044.99251 G 19-AUG-98 1419.125 2.295 -50742039262********    0.11  0.955
 106 51055.94995 R 30-AUG-98 1419.125 2.141 -50534895236********   -0.15  0.117
 107 51060.96230 W  4-SEP-98 1419.125 0.511 -50440140992********    0.45  0.191
 108 51064.93751 A  8-SEP-98 1419.125 2.295 -50364994001********   -0.07  0.249
 109 51068.91890 E 12-SEP-98 1419.125 2.046 -50289731166********   -0.05  0.308
 110 51072.90655 I 16-SEP-98 1419.125 1.839 -50214350835********   -0.00  0.367
 111 51138.74236 W 21-NOV-98 1419.562 1.733 -48969778172********    0.04  0.337
 112 51250.44807 E 13-MAR-99 1419.562 2.046 -46857852723********    0.03  0.984
 113 51281.32243 J 13-APR-99 1419.562 2.295 -46274111665********    0.11  0.440
 114 51307.27512 J  9-MAY-99 1419.562 0.355 -45783449230********    0.24  0.822
 115 51342.17761 S 13-JUN-99 1419.562 0.247 -45123581223********    0.91  0.337
 116 51364.09865 O  5-JUL-99 1419.562 1.427 -44709177548********    0.05  0.660
 117 51371.07145 V 12-JUL-99 1409.125 0.434 -44577361147********    0.57  0.763
 118 51398.00204 W  8-AUG-99 1419.125 0.646 -44068246732********    0.60  0.160
 119 51534.64534 C 22-DEC-99 1409.125 1.945 -41485097469********    0.62  0.175
 120 51558.57727 A 15-JAN-00 1409.125 1.015 -41032645844********    0.21  0.527
 121 51587.48442 D 13-FEB-00 1409.125 2.295 -40486110806********    0.14  0.954
 122 51621.38875 L 18-MAR-00 1409.125 2.295 -39845078741********    0.10  0.454
 123 51657.30398 V 23-APR-00 1409.125 2.046 -39166042348********    0.00  0.983
 124 51658.32417 W 24-APR-00 1409.125 1.334 -39146753608********    0.26  0.998
 125 51659.31557 X 25-APR-00 1409.125 1.839 -39128009113********   -0.08  0.013
 126 51661.31241 Z 27-APR-00 1409.125 1.839 -39090254751********    0.23  0.042
 127 51685.22004 X 21-MAY-00 1499.125 1.526 -38638251388********   -0.19  0.395
 128 51720.11627 G 25-JUN-00 1409.125 2.141 -37978535005********    0.00  0.909
 129 51720.11627 G 25-JUN-00 1409.125 2.141 -37978535005********    0.02  0.909
 130 51786.92939 U 30-AUG-00 1409.125 1.839 -36715487252********   -0.18  0.894
 131 51789.91483 X  2-SEP-00 1409.125 2.141 -36659049616********   -0.13  0.938
 132 51790.90664 Y  3-SEP-00 1409.125 1.628 -36640299960********   -0.03  0.953
 133 51797.89328 F 10-SEP-00 1409.125 1.087 -36508221972********    0.03  0.056
 134 51833.79516 P 16-OCT-00 1409.125 2.225 -35829543073********   -0.17  0.585
 135 51860.72669 Q 12-NOV-00 1409.125 1.246 -35320418456********   -0.38  0.982
 136 51860.78876 Q 12-NOV-00 1409.125 2.046 -35319244972********   -0.04  0.983
 137 51860.77794 Q 12-NOV-00 1409.125 1.945 -35319449560********    0.00  0.983
 138 51908.62784 M 30-DEC-00 1409.125 2.225 -34414837724********    0.07  0.688
 139 51936.53286 O 27-JAN-01 1409.125 2.141 -33887246506********   -0.10  0.100
 140 51949.51008 B  9-FEB-01 1402.125 0.573 -33641886680********    0.37  0.291
 141 51985.42623 L 17-MAR-01 1409.125 0.511 -32962836168********   -0.51  0.821
 142 52013.31309 N 14-APR-01 1409.125 2.141 -32435570815********   -0.24  0.232
 143 52042.25941 Q 13-MAY-01 1409.125 2.225 -31888314406********   -0.07  0.659
 144 52089.10713 L 29-JUN-01 1409.125 2.225 -31002627829********    0.05  0.350
 145 52114.07255 K 24-JUL-01 1409.125 1.945 -30530682179********    0.02  0.718
 146 52135.98205 F 14-AUG-01 1409.125 1.246 -30116495946********   -0.30  0.041
 147 52168.90043 M 16-SEP-01 1409.125 1.526 -29494216204********   -0.21  0.526
 148 52213.76037 F 31-OCT-01 1409.125 2.225 -28646177577********   -0.22  0.187
 149 52213.80424 F 31-OCT-01 1409.125 2.295 -28645348312********   -0.06  0.188
 150 52259.62939 Z 16-DEC-01 1409.125 2.141 -27779038423********    0.05  0.864
 151 52308.49693 W  3-FEB-02 1409.125 2.348 -26855136048********   -0.23  0.584
 152 52328.44911 Q 23-FEB-02 1409.125 2.225 -26477905450********   -0.24  0.878
 153 52385.29317 V 21-APR-02 1409.125 0.608 -25403165226********   -0.08  0.716
 154 52385.33418 V 21-APR-02 1409.125 0.112 -25402389936********    0.04  0.717
 155 52414.24111 Y 20-MAY-02 1409.125 2.295 -24855857820********   -0.08  0.143
 156 52444.16298 C 19-JUN-02 1409.125 1.526 -24290180042********   -0.03  0.584
 157 52470.06693 C 15-JUL-02 1409.125 2.225 -23800471761********   -0.03  0.966
 158 52509.94845 P 23-AUG-02 1409.125 1.334 -23046549190********    0.04  0.554
 159 52542.89554 W 25-SEP-02 1409.125 1.427 -22423721976********   -0.13  0.040
 160 52574.78832 C 27-OCT-02 1409.125 0.181 -21820822278********   -0.46  0.510
 161 52602.71880 E 24-NOV-02 1409.125 1.839 -21292811826********   -0.14  0.922
 162 52629.63384 F 21-DEC-02 1409.125 0.458 -20783963586********   -0.56  0.319
 163 52664.53340 O 25-JAN-03 1409.125 1.164 -20124159694********   -0.17  0.833
 164 52706.41639 E  8-MAR-03 1409.125 0.949 -19332276055********    0.05  0.451
 165 52723.37745 V 25-MAR-03 1409.125 2.141 -19011603357********   -0.19  0.701
 166 52795.17544 P  5-JUN-03 1409.125 0.779 -17654171444********    0.03  0.760
 167 52829.08545 X  9-JUL-03 1409.125 1.526 -17013089212********   -0.05  0.260
 168 52860.99313 C  9-AUG-03 1409.125 2.225 -16409913369********   -0.06  0.730
 169 52896.88828 M 14-SEP-03 1409.125 2.225 -15731344551********   -0.02  0.259
 170 52896.93733 M 14-SEP-03 1409.125 2.046 -15730417304********   -0.02  0.260
 171 52917.83138 H  5-OCT-03 1409.125 1.839 -15335449831********   -0.09  0.568
 172 52945.76521 J  2-NOV-03 1409.125 2.348 -14807384299********    0.07  0.980
 173 52980.65520 S  7-DEC-03 1409.125 1.164 -14147792891********   -0.00  0.494
 174 52980.70587 S  7-DEC-03 1409.125 1.246 -14146834969********   -0.50  0.495
 175 53036.51977 W  1-FEB-04 1409.125 2.225 -13091608382********    0.11  0.318
 176 53057.47873 R 22-FEB-04 1409.125 2.225 -12695352472********    0.20  0.627
 177 53084.38332 S 20-MAR-04 1409.125 2.295 -12186663202********    0.32  0.024
 178 53119.28677 B 24-APR-04 1409.125 2.046 -11526755119********    0.14  0.538
 179 53149.23166 F 24-MAY-04 1409.125 2.225 -10960614297********   -0.24  0.980
 180 51474.84468 U 23-OCT-99 2380.000 0.146 -42615622980********    0.21  0.293
 181 51534.67697 C 22-DEC-99 2380.000 0.401 -41484499426********    0.60  0.175
 182 51558.60451 A 15-JAN-00 2380.000 0.420 -41032130743********   -0.23  0.528
 183 51587.51215 D 13-FEB-00 2380.000 0.150 -40485586464********   -0.18  0.954
 184 51657.33715 V 23-APR-00 2380.000 0.266 -39165415170********   -1.19  0.984
 185 51661.33762 Z 27-APR-00 2380.000 0.345 -39089778126********    0.25  0.043
 186 51685.25799 X 21-MAY-00 2380.000 0.375 -38637533903********    0.40  0.395
 187 51720.16065 G 25-JUN-00 2380.000 0.154 -37977696068********   -0.09  0.910
 188 51763.04942 X  7-AUG-00 2380.000 0.337 -37166907232********   -0.04  0.542
 189 51797.93519 F 10-SEP-00 2380.000 0.395 -36507429689********    0.10  0.057
 190 51833.84769 P 16-OCT-00 2350.000 0.360 -35828550197********   -0.39  0.586
 191 51860.75243 Q 12-NOV-00 2380.000 0.382 -35319931811********   -0.00  0.983
 192 51936.56192 O 27-JAN-01 2380.000 0.297 -33886697023********   -0.17  0.100
 193 51950.53877 C 10-FEB-01 2380.000 0.345 -33622437537********    0.47  0.306
 194 52042.22604 Q 13-MAY-01 2380.000 0.423 -31888945241********   -0.01  0.658
 195 52078.19896 A 18-JUN-01 2380.000 0.375 -31208845584********   -0.22  0.189
 196 52079.18623 B 19-JUN-01 2380.000 0.401 -31190180982********    0.33  0.203
 197 52089.14294 L 29-JUN-01 2380.000 0.353 -31001950850********    0.24  0.350
 198 52136.01655 G 15-AUG-01 2380.000 0.411 -30115843689********    0.15  0.041
 199 52168.94074 M 16-SEP-01 2380.000 0.420 -29493454167********    0.18  0.527
 200 52213.78461 F 31-OCT-01 2380.000 0.090 -28645719394********    0.44  0.188
 201 52231.75972 X 18-NOV-01 2380.000 0.406 -28305911411********    0.01  0.453
 202 52259.65926 Z 16-DEC-01 2380.000 0.337 -27778473643********   -0.11  0.864
 203 52281.62222 V  7-JAN-02 2380.000 0.389 -27363232435********    0.27  0.188
 204 52308.56123 W  3-FEB-02 2380.000 0.230 -26853920488********    0.82  0.585
 205 52328.47303 Q 23-FEB-02 2380.000 0.382 -26477453106********   -0.03  0.879
 206 52357.41620 T 24-MAR-02 2380.000 0.416 -25930213963********    0.34  0.305
 207 52470.11100 C 15-JUL-02 2380.000 0.401 -23799638753********    0.26  0.967
 208 52509.97546 P 23-AUG-02 2380.000 0.382 -23046038553********    0.09  0.555
 209 52574.81296 C 27-OCT-02 2380.000 0.411 -21820356464********   -0.04  0.511
 210 52706.44387 E  8-MAR-03 2380.000 0.416 -19331756576********   -0.16  0.451
 211 52795.19954 P  5-JUN-03 2380.000 0.211 -17653715867********   -0.90  0.760
 212 52829.10984 X  9-JUL-03 2380.000 0.281 -17012628193********   -1.15  0.260
 213 52861.02558 D 10-AUG-03 2380.000 0.411 -16409299863********   -0.16  0.731
 214 52878.95833 U 27-AUG-03 2380.000 0.337 -16070295444********   -0.14  0.995
 215 52917.86458 H  5-OCT-03 2380.000 0.382 -15334822139********    0.23  0.568
 216 52945.79826 J  2-NOV-03 2380.000 0.337 -14806759392********   -0.66  0.980
 217 53015.59896 B 11-JAN-04 2380.000 0.389 -13487153997********   -0.03  0.009
 218 53036.54734 W  1-FEB-04 2380.000 0.188 -13091087138********    0.68  0.318
 219 53057.50301 R 22-FEB-04 2380.000 0.329 -12694893368********   -0.52  0.627
 220 53084.41458 S 20-MAR-04 2380.000 0.217 -12186072127********   -0.77  0.024
 221 53106.35301 O 11-APR-04 2380.000 0.389 -11771280845********   -0.35  0.348
 222 53119.32014 B 24-APR-04 2380.000 0.389 -11526124273********   -0.53  0.539
 223 53149.19931 F 24-MAY-04 2380.000 0.337 -10961225911********   -0.22  0.979
 224 51534.67718 C 22-DEC-99 2378.250 0.493 -41484495492********   -0.32  0.175
 225 51558.60460 A 15-JAN-00 2378.250 0.512 -41032129216********   -0.01  0.528
 226 51587.51229 D 13-FEB-00 2378.250 0.279 -40485583845********   -0.02  0.954
 227 51621.44563 L 18-MAR-00 2378.250 0.400 -39844003440********   -0.22  0.454
 228 51657.33377 V 23-APR-00 2378.250 0.368 -39165479072********   -0.94  0.984
 229 51658.34764 W 24-APR-00 2378.250 0.160 -39146309813********   -0.10  0.999
 230 51659.34086 X 25-APR-00 2378.250 0.499 -39127530962********   -0.22  0.013
 231 51661.33983 Z 27-APR-00 2378.250 0.389 -39089736336********   -0.25  0.043
 232 51678.24892 Q 14-MAY-00 2378.250 0.421 -38770044254********   -0.56  0.292
 233 51679.23446 R 15-MAY-00 2378.250 0.493 -38751411962********   -0.28  0.306
 234 51685.26272 X 21-MAY-00 2378.250 0.316 -38637444409********    1.31  0.395
 235 51720.16037 G 25-JUN-00 2378.250 0.379 -37977701323********    0.27  0.910
 236 51797.94000 F 10-SEP-00 2378.250 0.512 -36507338689********    0.08  0.057
 237 51833.84197 P 16-OCT-00 2348.250 0.441 -35828658281********   -0.92  0.586
 238 51860.75203 Q 12-NOV-00 2378.250 0.469 -35319939474********   -0.05  0.983
 239 51908.59336 M 30-DEC-00 2378.250 0.478 -34415489572********    0.04  0.688
 240 51936.56842 O 27-JAN-01 2378.250 0.421 -33886574246********   -0.29  0.100
 241 52042.22529 Q 13-MAY-01 2378.250 0.515 -31888959470********    0.16  0.658
 242 52089.14282 L 29-JUN-01 2378.250 0.469 -31001953041********    0.12  0.350
 243 52168.93506 M 16-SEP-01 2378.250 0.509 -29493561593********    0.24  0.526
 244 52213.78455 F 31-OCT-01 2378.250 0.210 -28645720483********    0.21  0.188
 245 52259.65598 Z 16-DEC-01 2378.250 0.509 -27778535573********   -0.10  0.864
 246 52308.55499 W  3-FEB-02 2378.250 0.297 -26854038438********   -0.19  0.585
 247 52328.47304 Q 23-FEB-02 2378.250 0.493 -26477452893********   -0.11  0.879
 248 52385.31685 V 21-APR-02 2378.250 0.400 -25402717510********    0.06  0.717
 249 52414.20627 Y 20-MAY-02 2378.250 0.486 -24856516480********    0.05  0.143
 250 52444.19784 C 19-JUN-02 2378.250 0.509 -24289521002********    0.15  0.585
 251 52470.11005 C 15-JUL-02 2378.250 0.512 -23799656700********    0.03  0.967
 252 52509.97541 P 23-AUG-02 2378.250 0.499 -23046039632********    0.03  0.555
 253 52574.81247 C 27-OCT-02 2378.250 0.486 -21820365876********    0.13  0.511
 254 52629.67693 F 21-DEC-02 2378.250 0.127 -20783148955********   -0.42  0.319
 255 52706.44337 E  8-MAR-03 2378.250 0.504 -19331765973********    0.09  0.451
 256 52723.41663 V 25-MAR-03 2378.250 0.203 -19010862603********    0.76  0.702
 257 52760.30861 G  1-MAY-03 2378.250 0.499 -18313345471********    0.31  0.246
 258 52795.20035 P  5-JUN-03 2378.250 0.389 -17653700554********    0.05  0.760
 259 52829.11220 X  9-JUL-03 2378.250 0.451 -17012583554********    0.03  0.260
 260 52861.02112 D 10-AUG-03 2378.250 0.515 -16409384102********   -0.24  0.730
 261 52896.91201 M 14-SEP-03 2378.250 0.509 -15730895801********   -0.13  0.260
 262 52917.86432 H  5-OCT-03 2378.250 0.504 -15334827149********   -0.34  0.568
 263 52945.79600 J  2-NOV-03 2378.250 0.478 -14806802265********   -0.19  0.980
 264 52980.68023 S  7-DEC-03 2378.250 0.368 -14147319615********   -0.21  0.495
 265 53015.59843 B 11-JAN-04 2378.250 0.486 -13487164058********    0.12  0.009
 266 53057.50198 R 22-FEB-04 2378.250 0.469 -12694912849********    0.18  0.627
 267 53084.41391 S 20-MAR-04 2378.250 0.478 -12186084809********    0.17  0.024
 268 53119.31933 B 24-APR-04 2378.250 0.499 -11526139584********    0.33  0.539
 269 53149.19868 F 24-MAY-04 2378.250 0.486 -10961237716********   -0.39  0.979
 270 48850.02431 W 16-AUG-92 1404.000 0.169 -92238663980********   -0.64  0.593
 271 48898.87501 S  3-OCT-92 1414.000 0.177 -91315190740********    1.05  0.313
 272 48912.83901 G 17-OCT-92 1414.000 0.173 -91051222589********    0.24  0.519
 273 48926.81193 U 31-OCT-92 1414.000 0.107 -90787082061********   -0.20  0.725
 274 48938.79017 G 12-NOV-92 1414.000 0.087 -90560636946********    0.62  0.902
 275 48956.72987 Y 30-NOV-92 1414.000 0.180 -90221478605********    0.01  0.166
 276 48973.66031 P 17-DEC-92 1414.000 0.167 -89901404159********   -1.15  0.416
 277 48986.64920 C 30-DEC-92 1414.000 0.146 -89655846839********   -0.24  0.607
 278 48997.61089 N 10-JAN-93 1414.000 0.107 -89448606866********    0.22  0.769
 279 48998.61262 O 11-JAN-93 1414.000 0.233 -89429667711********    1.53  0.784
 280 49021.53924 L  3-FEB-93 1414.000 0.170 -88996193586********    0.37  0.122
 281 49031.52894 V 13-FEB-93 1414.000 0.225 -88807317889********    0.34  0.269
 282 49037.50163 B 19-FEB-93 1414.000 0.238 -88694394279********    0.77  0.357
 283 49049.48670 N  3-MAR-93 1414.000 0.236 -88467800083********    0.07  0.534
 284 49050.45695 O  4-MAR-93 1414.000 0.248 -88449456134********    1.11  0.548
 285 49076.40892 O 30-MAR-93 1414.000 0.244 -87958785817********    0.46  0.931
 286 49077.39815 P 31-MAR-93 1414.000 0.228 -87940081911********    0.49  0.945
 287 49091.35545 D 14-APR-93 1414.000 0.140 -87676186796********    0.15  0.151
 288 49100.31737 M 23-APR-93 1414.000 0.236 -87506746247********    0.51  0.283
 289 49114.29399 A  7-MAY-93 1414.000 0.233 -87242505922********   -0.07  0.490
 290 49128.26482 O 21-MAY-93 1414.000 0.202 -86978380952********    0.44  0.696
 291 49144.21494 E  6-JUN-93 1414.000 0.242 -86676831386********   -0.45  0.931
 292 49145.20892 F  7-JUN-93 1414.000 0.202 -86658039212********   -1.16  0.945
 293 49159.15186 T 21-JUN-93 1414.000 0.238 -86394437264********    0.18  0.151
 294 49163.12003 X 25-JUN-93 1397.000 0.225 -86319417996********    0.21  0.209
 295 49177.11413 L  9-JUL-93 1397.000 0.240 -86054866201********   -0.38  0.416
 296 49216.03635 Y 17-AUG-93 1397.000 0.228 -85319079247********   -0.36  0.990
 297 49227.98508 J 28-AUG-93 1397.000 0.248 -85093195997********    0.03  0.166
 298 49244.93091 A 14-SEP-93 1397.000 0.238 -84772858127********   -0.07  0.416
 299 49251.86690 H 21-SEP-93 1397.000 0.177 -84641746039********   -0.59  0.518
 300 49267.85545 X  7-OCT-93 1397.000 0.240 -84339507900********   -0.01  0.753
 301 49272.85232 C 12-OCT-93 1397.000 0.219 -84245046559********   -1.10  0.827
 302 49273.87894 D 13-OCT-93 1397.000 0.068 -84225639017********   -0.52  0.842
 303 49274.84190 E 14-OCT-93 1397.000 0.083 -84207434810********    0.46  0.856
 304 49281.85186 L 21-OCT-93 1397.000 0.191 -84074914407********   -0.76  0.960
 305 49285.81262 P 25-OCT-93 1397.000 0.242 -84000036813********    0.42  0.018
 306 49286.83068 Q 26-OCT-93 1397.000 0.244 -83980790582********    0.09  0.033
 307 49302.77061 G 11-NOV-93 1397.000 0.230 -83679449265********   -1.02  0.268
 308 49303.74688 H 12-NOV-93 1397.000 0.244 -83660993243********   -0.91  0.283
 309 49304.75186 I 13-NOV-93 1397.000 0.240 -83641994624********   -0.51  0.297
 310 49305.74144 J 14-NOV-93 1397.000 0.240 -83623287046********   -0.58  0.312
 311 49312.76308 Q 21-NOV-93 1411.000 0.215 -83490547114********   -0.18  0.416
 312 49315.75475 T 24-NOV-93 1411.000 0.225 -83433991644********   -0.07  0.460
 313 49317.71679 V 26-NOV-93 1411.000 0.238 -83396900606********    0.05  0.489
 314 49330.69248 I  9-DEC-93 1411.000 0.177 -83151599681********   -0.10  0.680
 315 49331.67917 J 10-DEC-93 1411.000 0.244 -83132946205********    0.79  0.694
 316 49332.68727 K 11-DEC-93 1411.000 0.245 -83113887848********   -0.36  0.709
 317 49333.68450 L 12-DEC-93 1411.000 0.242 -83095035086********   -0.48  0.724
 318 49334.68207 M 13-DEC-93 1411.000 0.215 -83076175673********   -0.59  0.739
 319 49338.67188 Q 17-DEC-93 1411.000 0.238 -83000745883********    0.01  0.798
 320 49339.66980 R 18-DEC-93 1411.000 0.238 -82981879463********   -0.02  0.812
 321 49340.66690 S 19-DEC-93 1411.000 0.180 -82963028275********    0.28  0.827
 322 49348.65313 A 27-DEC-93 1397.000 0.238 -82812038802********   -0.15  0.945
 323 49363.62107 P 11-JAN-94 1407.000 0.205 -82529044972********   -0.23  0.165
 324 49373.58160 Z 21-JAN-94 1407.000 0.188 -82340726456********   -0.30  0.312

PSR J1713+0747    Ephem.: DE405  Clock: TT(BIPM)      Ref. MJD:   52000.0000

      RA                DEC            PM RA    PM DEC     PM RV   PARALLAX

17 13 49.53053203  07 47 37.5262547    4.9170   -3.9265    0.0000    0.8443
       0.00000045         0.0000097   -0.0059   -0.0153    0.0000    0.0233
       0.00000052         0.0000156    0.0033    0.0073    0.0000    0.0422
17 13 49.53053248  07 47 37.5262644    4.9111   -3.9418    0.0000    0.8676

          F0                  F1(D-16)       F2(D-00)     F3(D-00)

 218.81184391573935955   -4.083660036367   0.000000000    0.000000
  -0.00000000000789263    0.000289803460  -0.000000000   -0.000000
   0.00000000000005538    0.000017909685   0.000000000    0.000000
 218.81184391573145831   -4.083370232907   0.000000000    0.000000

          P0                  P1(D-15)         DM         DM1       PPN GAM

 0.0045701365250826308    0.000008529193   15.994004    0.000000    1.000000
 0.0000000000000001648   -0.000000000605   -0.000360    0.000000    0.000000
 0.0000000000000000012    0.000000000037    0.000630    0.000000    0.000000
 0.0045701365250827956    0.000008528587   15.993644    0.000000    1.000000

Composite proper motion =   6.2974 +/-   0.0052 mas/yr
Position angle:  Celestial:  128.75 +/-   0.06 deg  Galactic:  192.12 deg


     A1 sin(i)        E          T0(MJD)               PB           OMEGA

  32.342421669  0.0000749407 51997.5784000000   67.82512987116520 176.195550
  -0.000000851  0.0000000001     0.0010975386    0.00000000032678   0.001698
   0.000000308  0.0000000012     0.0006457120    0.00000000048879   0.003427
  32.342420818  0.0000749408 51997.5794975386   67.82512987149198 176.197249

Mass function:  0.0078962166 +/-  0.0000000002 solar masses


     OMDOT     GAMMA      PBDOT(-12)   sin(i)       M          m2       DTH(-6)

  0.0000000 0.000000000      0.000000   0.944060  0.0000000     0.31330     0.0000
  0.0000000 0.000000000      0.000000   0.007367  0.0000000    -0.02579     0.0000
  0.0000000 0.000000000      0.000000   0.009004  0.0000000     0.03040     0.0000
  0.0000000 0.000000000      0.000000   0.951427  0.0000000     0.28750     0.0000

MTOT derived from sin i, M2:  1.6099811


    XDOT(-12)   EDOT(-12)

    0.006713    0.000000
    0.000191    0.000000
    0.000251    0.000000
    0.006904    0.000000

        Offset  1       Offset  2       Offset  3       Offset  4

MJD:     0.0-    0.0     0.0-    0.0     0.0-    0.0     0.0-    0.0
       0.00001139      0.00000272     -0.00006751     -0.00000268
       0.00000048      0.00000047     -0.00000317     -0.00000196
       0.00000085      0.00000085      0.00000036      0.00000026
       0.00001188      0.00000319     -0.00007068     -0.00000464

Weighted RMS residual: pre-fit********** us. Predicted post-fit     0.244 us.
 Chisqr/nfree:   377.90/  303 =    1.247206892   pre/post:*******   Wmax:    2.4
