*******************************************************
*                                                     *
*                 TEMPO version 13.000                *
*           Analysis of pulsar timing data            *
*         TEMPO git version date:  2014-11-20         *
*         TEMPO git version id:    76b8375            *
*         Run time:   2-JUN-15  12:33:19 UTC          *
*                                                     *
*******************************************************


                    Observatory Coordinates

     Observatory     Geodetic lat   Geodetic long   Elevation
                      ddmmss.ss       ddmmss.ss         m

1   GBT XYZ           882589.65     -4924872.32   3943729.3
2   QUABBIN           422333.20       722040.40       306.0
3   ARECIBO XYZ      2390490.00     -5564764.00   1994727.0
4   Hobart, Tasm     -424818.00     -1472621.00        50.0
5   PRINCETON         402047.70       743853.85        43.0
6   VLA XYZ         -1601192.00     -5041981.40   3554871.4
7   PARKES  XYZ     -4554231.50      2816759.10  -3454036.3
8   JODRELL BANK     3822252.64      -153995.68   5086051.4
9   GB 300FT          382546.30       795056.36       893.7
A   GB 140FT          382615.41       795009.61       880.9
B   GB 85-3           382545.90       795036.87       835.8
C   VLA SITE          340443.50      1073703.82      2124.0
D   NORTHERN CRO      443118.48      -113848.48        25.0
E   MOST             -352219.00     -1492525.00       500.0
F   Nancay           4324165.81       165927.11   4670132.8
G   Effelsberg       4033949.50       486989.40   4900430.8
H   JODRELL BANK     3822473.37      -153692.32   5085851.3
I   WSRT             3828445.66       445223.60   5064921.6
R   GMRT             1656342.30      5797947.77   2073243.2
S   SHAO 65m XYZ    -2826711.95      4679231.63   3274665.7
T   LOFAR            3826577.46       461022.62   5064892.5
X   LWA1            -1602196.60     -5042313.47   3553971.5
Y   CHIME (appro    -2059164.94     -3621108.40   4814432.3
Z   SRT              4865182.77       791922.69   4035137.2

Input data from 1713.sns.tim,  Parameters from 1713.sns.par
Observatory data from /home/zhuww/local/tempo/obsys.dat                      
Tempo command: tempo -f 1713.sns.par 1713.sns.tim
