49056.955365 -0.025037 0.003712
53799.349470 -0.020235 0.000041
53844.774875 -0.020178 0.000029
53858.689505 -0.020127 0.000039
53890.163715 -0.020171 0.000031
53918.524230 -0.020202 0.000000
53974.931630 -0.020141 0.000023
54011.335205 -0.020223 0.000030
54039.753170 -0.020286 0.000031
54068.610270 -0.020326 0.000051
54097.101170 -0.020349 0.000038
54134.513135 -0.020352 0.000040
54219.218260 -0.020365 0.000032
54356.979180 -0.020311 0.000058
54374.275160 -0.020267 0.000053
54401.201700 -0.020356 0.000034
54429.126705 -0.020474 0.000041
54467.580015 -0.020426 0.000053
54524.417295 -0.020333 0.000028
54551.796825 -0.020391 0.000030
54575.303910 -0.020379 0.000033
54642.617525 -0.020339 0.000038
54675.515260 -0.020285 0.000026
54709.362110 -0.020312 0.000040
54758.788890 -0.021035 0.000029
54790.639530 -0.020874 0.000040
54823.598865 -0.020707 0.000037
54856.517320 -0.020642 0.000045
54883.885040 -0.020509 0.000031
54919.348850 -0.020381 0.000041
54945.216830 -0.020371 0.000041
54977.198130 -0.020371 0.000038
55002.098040 -0.020336 0.000029
55035.513005 -0.020316 0.000042
55069.376530 -0.020338 0.000026
55097.700795 -0.020290 0.000038
55115.747815 -0.020280 0.000035
55156.063395 -0.020377 0.000033
55210.976220 -0.020281 0.000026
55244.300515 -0.020265 0.000035
55361.595150 -0.020310 0.000033
55276.711015 -0.020293 0.000033
55302.736915 -0.020246 0.000037
55335.148660 -0.020279 0.000032
55392.943250 -0.020247 0.000033
55427.417405 -0.020216 0.000034
55462.741410 -0.020289 0.000042
55496.699090 -0.020271 0.000038
55524.614400 -0.020318 0.000035
55543.027755 -0.020380 0.000036
55578.928745 -0.020356 0.000040
55613.370125 -0.020303 0.000031
55639.823735 -0.020312 0.000033
55673.737160 -0.020269 0.000030
55702.080535 -0.020281 0.000036
55731.510390 -0.020264 0.000029
55769.860875 -0.020269 0.000032
55794.880430 -0.020290 0.000031
55823.304970 -0.020310 0.000036
55864.615860 -0.020313 0.000037
55893.035835 -0.020352 0.000032
55916.051225 -0.020404 0.000039
55951.467040 -0.020340 0.000036
55982.943130 -0.020338 0.000031
55998.913390 -0.020287 0.000033
56029.301220 -0.020282 0.000031
56062.731290 -0.020272 0.000034
56100.123850 -0.020275 0.000029
56144.951180 -0.020335 0.000030
56170.401960 -0.020327 0.000032
56197.835905 -0.020350 0.000031
56214.234095 -0.020362 0.000037
56235.299565 -0.020367 0.000031
56250.144965 -0.020395 0.000035
56273.588130 -0.020331 0.000032
56294.049185 -0.020391 0.000035
56314.959475 -0.020376 0.000034
56336.959885 -0.020412 0.000030
56356.394890 -0.020355 0.000034
56373.847145 -0.020382 0.000027
56393.315790 -0.020401 0.000030
56412.219165 -0.020382 0.000028
56434.700065 -0.020387 0.000030
56452.699845 -0.020382 0.000028
56475.073855 -0.020360 0.000031
56497.119670 -0.020364 0.000029
56512.618120 -0.020361 0.000032
56528.427230 -0.020362 0.000029
56548.430215 -0.020392 0.000029
56563.430090 -0.020358 0.000032
56588.322310 -0.020467 0.000028
56598.852530 -0.020479 0.000045
53394.084050 -0.020220 0.000068
53420.988850 -0.020209 0.000070
53448.422005 -0.020179 0.000064
53477.332250 -0.020174 0.000068
53505.292600 -0.020184 0.000074
53569.071065 -0.020105 0.000061
53628.923965 -0.020180 0.000063
